[10:15:11 - main] [Cooja.java:3181] [WARN] - JAVA_HOME environment variable not set, Cooja motes may not compile
[10:15:11 - AWT-EventQueue-0] [Cooja.java:2865] [INFO] - External tools default settings: /external_tools_linux_64.config
[10:15:11 - AWT-EventQueue-0] [Cooja.java:2895] [INFO] - External tools user settings: /home/tkn/.cooja.user.properties
[10:15:18 - AWT-EventQueue-0] [Simulation.java:420] [INFO] - Simulation random seed: 123456
[10:15:18 - AWT-EventQueue-0] [Visualizer.java:256] [INFO] - Registered external visualizer: org.contikios.cooja.plugins.skins.DGRMVisualizerSkin
[10:15:55 - AWT-EventQueue-0] [Cooja.java:4146] [WARN] - Path is not portable: '/home/tkn/nes/lab 3/energy.c
[10:15:56 - AWT-EventQueue-0] [CompileContiki.java:140] [INFO] - > make energy.sky TARGET=sky 
[10:15:59 - AWT-EventQueue-0] [MspMote.java:235] [INFO] - Loading firmware from: /home/tkn/nes/lab 3/energy.sky
[10:16:02 - Thread-1] [Simulation.java:252] [INFO] - Simulation main loop started, system time: 1643879762489
[10:16:04 - Thread-1] [Simulation.java:311] [INFO] - Simulation main loop stopped, system time: 1643879764235	Duration: 1746 ms	Simulated time 8986 ms	Ratio 5.146620847651776
[10:16:12 - AWT-EventQueue-0] [TimeLine.java:567] [INFO] - Zoom level: 200.0 microseconds/pixel 
[10:16:14 - AWT-EventQueue-0] [TimeLine.java:567] [INFO] - Zoom level: 500.0 microseconds/pixel 
[10:16:15 - AWT-EventQueue-0] [TimeLine.java:567] [INFO] - Zoom level: 1000.0 microseconds/pixel 
[10:16:17 - AWT-EventQueue-0] [TimeLine.java:567] [INFO] - Zoom level: 2000.0 microseconds/pixel 
[10:16:18 - AWT-EventQueue-0] [TimeLine.java:567] [INFO] - Zoom level: 5000.0 microseconds/pixel 
[10:16:20 - AWT-EventQueue-0] [TimeLine.java:567] [INFO] - Zoom level: 2000.0 microseconds/pixel 
[10:16:20 - AWT-EventQueue-0] [TimeLine.java:567] [INFO] - Zoom level: 1000.0 microseconds/pixel 
[10:16:21 - AWT-EventQueue-0] [TimeLine.java:567] [INFO] - Zoom level: 500.0 microseconds/pixel 
[10:16:22 - AWT-EventQueue-0] [TimeLine.java:567] [INFO] - Zoom level: 1000.0 microseconds/pixel 
[10:16:22 - AWT-EventQueue-0] [TimeLine.java:567] [INFO] - Zoom level: 2000.0 microseconds/pixel 
[10:16:22 - AWT-EventQueue-0] [TimeLine.java:567] [INFO] - Zoom level: 5000.0 microseconds/pixel 
[10:16:26 - AWT-EventQueue-0] [TimeLine.java:567] [INFO] - Zoom level: 10000.0 microseconds/pixel 
[10:16:29 - AWT-EventQueue-0] [TimeLine.java:567] [INFO] - Zoom level: 20000.0 microseconds/pixel 
[10:16:32 - AWT-EventQueue-0] [TimeLine.java:567] [INFO] - Zoom level: 10000.0 microseconds/pixel 
[10:16:33 - AWT-EventQueue-0] [TimeLine.java:567] [INFO] - Zoom level: 5000.0 microseconds/pixel 
[10:16:34 - AWT-EventQueue-0] [TimeLine.java:567] [INFO] - Zoom level: 2000.0 microseconds/pixel 
[10:16:36 - AWT-EventQueue-0] [TimeLine.java:567] [INFO] - Zoom level: 1000.0 microseconds/pixel 
[10:16:38 - AWT-EventQueue-0] [TimeLine.java:567] [INFO] - Zoom level: 500.0 microseconds/pixel 
[10:16:40 - AWT-EventQueue-0] [TimeLine.java:567] [INFO] - Zoom level: 200.0 microseconds/pixel 
[10:16:42 - AWT-EventQueue-0] [TimeLine.java:567] [INFO] - Zoom level: 100.0 microseconds/pixel 
[10:16:43 - AWT-EventQueue-0] [TimeLine.java:567] [INFO] - Zoom level: 50.0 microseconds/pixel 
[10:16:45 - AWT-EventQueue-0] [TimeLine.java:567] [INFO] - Zoom level: 20.0 microseconds/pixel 
[10:16:48 - AWT-EventQueue-0] [TimeLine.java:567] [INFO] - Zoom level: 10.0 microseconds/pixel 
[10:18:55 - Thread-2] [Cooja.java:4146] [WARN] - Path is not portable: '/home/tkn/nes/lab 3/energy.c
[10:18:55 - Thread-2] [Cooja.java:4146] [WARN] - Path is not portable: '/home/tkn/nes/lab 3/energy.sky
[10:18:56 - Thread-2] [Simulation.java:420] [INFO] - Simulation random seed: 123456
[10:18:56 - Thread-2] [CompileContiki.java:140] [INFO] - > make energy.sky TARGET=sky 
[10:18:56 - Thread-2] [MspMote.java:235] [INFO] - Loading firmware from: /home/tkn/nes/lab 3/energy.sky
[10:18:56 - Thread-2] [TimeLine.java:567] [INFO] - Zoom level: 10.0 microseconds/pixel 
[10:19:22 - Thread-3] [Simulation.java:252] [INFO] - Simulation main loop started, system time: 1643879962910
[10:19:27 - Thread-3] [Simulation.java:311] [INFO] - Simulation main loop stopped, system time: 1643879967154	Duration: 4244 ms	Simulated time 29068 ms	Ratio 6.849198868991517
[10:20:41 - Thread-4] [Cooja.java:4146] [WARN] - Path is not portable: '/home/tkn/nes/lab 3/energy.c
[10:20:41 - Thread-4] [Cooja.java:4146] [WARN] - Path is not portable: '/home/tkn/nes/lab 3/energy.sky
[10:20:41 - Thread-4] [Simulation.java:420] [INFO] - Simulation random seed: 123456
[10:20:41 - Thread-4] [CompileContiki.java:140] [INFO] - > make energy.sky TARGET=sky 
[10:20:41 - Thread-4] [MspMote.java:235] [INFO] - Loading firmware from: /home/tkn/nes/lab 3/energy.sky
[10:20:41 - Thread-4] [TimeLine.java:567] [INFO] - Zoom level: 10.0 microseconds/pixel 
[10:20:42 - Thread-5] [Simulation.java:252] [INFO] - Simulation main loop started, system time: 1643880042982
[10:20:45 - Thread-5] [Simulation.java:311] [INFO] - Simulation main loop stopped, system time: 1643880045186	Duration: 2204 ms	Simulated time 14363 ms	Ratio 6.516787658802178
[10:22:03 - Thread-6] [Cooja.java:4146] [WARN] - Path is not portable: '/home/tkn/nes/lab 3/energy.c
[10:22:03 - Thread-6] [Cooja.java:4146] [WARN] - Path is not portable: '/home/tkn/nes/lab 3/energy.sky
[10:22:03 - Thread-6] [Simulation.java:420] [INFO] - Simulation random seed: 123456
[10:22:03 - Thread-6] [CompileContiki.java:140] [INFO] - > make energy.sky TARGET=sky 
[10:22:03 - Thread-6] [MspMote.java:235] [INFO] - Loading firmware from: /home/tkn/nes/lab 3/energy.sky
[10:22:03 - Thread-6] [TimeLine.java:567] [INFO] - Zoom level: 10.0 microseconds/pixel 
[10:22:05 - Thread-7] [Simulation.java:252] [INFO] - Simulation main loop started, system time: 1643880125218
[10:22:07 - Thread-7] [Simulation.java:311] [INFO] - Simulation main loop stopped, system time: 1643880127655	Duration: 2437 ms	Simulated time 16246 ms	Ratio 6.666393106278211
[10:22:36 - Thread-8] [Cooja.java:4146] [WARN] - Path is not portable: '/home/tkn/nes/lab 3/energy.c
[10:22:36 - Thread-8] [Cooja.java:4146] [WARN] - Path is not portable: '/home/tkn/nes/lab 3/energy.sky
[10:22:36 - Thread-8] [Simulation.java:420] [INFO] - Simulation random seed: 123456
[10:22:36 - Thread-8] [CompileContiki.java:140] [INFO] - > make energy.sky TARGET=sky 
[10:22:36 - Thread-8] [MspMote.java:235] [INFO] - Loading firmware from: /home/tkn/nes/lab 3/energy.sky
[10:22:36 - Thread-8] [TimeLine.java:567] [INFO] - Zoom level: 10.0 microseconds/pixel 
[10:22:38 - Thread-9] [Simulation.java:252] [INFO] - Simulation main loop started, system time: 1643880158159
[10:22:40 - Thread-9] [Simulation.java:311] [INFO] - Simulation main loop stopped, system time: 1643880160602	Duration: 2443 ms	Simulated time 16405 ms	Ratio 6.7151043798608265
[10:24:39 - Thread-10] [Cooja.java:4146] [WARN] - Path is not portable: '/home/tkn/nes/lab 3/energy.c
[10:24:39 - Thread-10] [Cooja.java:4146] [WARN] - Path is not portable: '/home/tkn/nes/lab 3/energy.sky
[10:24:40 - Thread-10] [Simulation.java:420] [INFO] - Simulation random seed: 123456
[10:24:40 - Thread-10] [CompileContiki.java:140] [INFO] - > make energy.sky TARGET=sky 
[10:24:40 - Thread-10] [MspMote.java:235] [INFO] - Loading firmware from: /home/tkn/nes/lab 3/energy.sky
[10:24:40 - Thread-10] [TimeLine.java:567] [INFO] - Zoom level: 10.0 microseconds/pixel 
[10:24:43 - Thread-11] [Simulation.java:252] [INFO] - Simulation main loop started, system time: 1643880283406
[10:24:56 - Thread-11] [Simulation.java:311] [INFO] - Simulation main loop stopped, system time: 1643880296989	Duration: 13583 ms	Simulated time 92100 ms	Ratio 6.780534491643967
[10:27:05 - Thread-12] [Cooja.java:4146] [WARN] - Path is not portable: '/home/tkn/nes/lab 3/energy.c
[10:27:05 - Thread-12] [Cooja.java:4146] [WARN] - Path is not portable: '/home/tkn/nes/lab 3/energy.sky
[10:27:05 - Thread-12] [Simulation.java:420] [INFO] - Simulation random seed: 123456
[10:27:05 - Thread-12] [CompileContiki.java:140] [INFO] - > make energy.sky TARGET=sky 
[10:27:05 - Thread-12] [MspMote.java:235] [INFO] - Loading firmware from: /home/tkn/nes/lab 3/energy.sky
[10:27:06 - Thread-12] [TimeLine.java:567] [INFO] - Zoom level: 10.0 microseconds/pixel 
[10:27:07 - Thread-13] [Simulation.java:252] [INFO] - Simulation main loop started, system time: 1643880427678
[10:27:11 - Thread-13] [Simulation.java:311] [INFO] - Simulation main loop stopped, system time: 1643880431251	Duration: 3573 ms	Simulated time 22788 ms	Ratio 6.3778337531486144
[10:28:26 - Thread-14] [Cooja.java:4146] [WARN] - Path is not portable: '/home/tkn/nes/lab 3/energy.c
[10:28:26 - Thread-14] [Cooja.java:4146] [WARN] - Path is not portable: '/home/tkn/nes/lab 3/energy.sky
[10:28:26 - Thread-14] [Simulation.java:420] [INFO] - Simulation random seed: 123456
[10:28:26 - Thread-14] [CompileContiki.java:140] [INFO] - > make energy.sky TARGET=sky 
[10:28:27 - Thread-14] [MspMote.java:235] [INFO] - Loading firmware from: /home/tkn/nes/lab 3/energy.sky
[10:28:27 - Thread-14] [TimeLine.java:567] [INFO] - Zoom level: 10.0 microseconds/pixel 
[10:28:28 - Thread-15] [Simulation.java:252] [INFO] - Simulation main loop started, system time: 1643880508831
[10:28:31 - Thread-15] [Simulation.java:311] [INFO] - Simulation main loop stopped, system time: 1643880511221	Duration: 2390 ms	Simulated time 16429 ms	Ratio 6.874058577405858
